<?xml version="1.0" encoding="UTF-8" ?>
<testsuite failures="0" time="0.418" errors="0" skipped="0" tests="4" name="com.depot.app.service.ProductManagerTest">
  <properties>
    <property name="java.runtime.name" value="Java(TM) SE Runtime Environment"/>
    <property name="sun.boot.library.path" value="/Library/Java/JavaVirtualMachines/jdk1.7.0_25.jdk/Contents/Home/jre/lib"/>
    <property name="java.vm.version" value="23.25-b01"/>
    <property name="user.country.format" value="ZA"/>
    <property name="gopherProxySet" value="false"/>
    <property name="java.vm.vendor" value="Oracle Corporation"/>
    <property name="java.vendor.url" value="http://java.oracle.com/"/>
    <property name="path.separator" value=":"/>
    <property name="java.vm.name" value="Java HotSpot(TM) 64-Bit Server VM"/>
    <property name="file.encoding.pkg" value="sun.io"/>
    <property name="user.country" value="US"/>
    <property name="sun.java.launcher" value="SUN_STANDARD"/>
    <property name="sun.os.patch.level" value="unknown"/>
    <property name="java.vm.specification.name" value="Java Virtual Machine Specification"/>
    <property name="user.dir" value="/Users/steven/Spring in practice/DepotApplication"/>
    <property name="java.runtime.version" value="1.7.0_25-b15"/>
    <property name="java.awt.graphicsenv" value="sun.awt.CGraphicsEnvironment"/>
    <property name="basedir" value="/Users/steven/Spring in practice/DepotApplication"/>
    <property name="java.endorsed.dirs" value="/Library/Java/JavaVirtualMachines/jdk1.7.0_25.jdk/Contents/Home/jre/lib/endorsed"/>
    <property name="os.arch" value="x86_64"/>
    <property name="surefire.real.class.path" value="/Users/steven/Spring in practice/DepotApplication/target/surefire/surefirebooter1657036346850403954.jar"/>
    <property name="java.io.tmpdir" value="/var/folders/_7/khs5x54s1k1fk0p63hjws50w0000gp/T/"/>
    <property name="line.separator" value="
"/>
    <property name="java.vm.specification.vendor" value="Oracle Corporation"/>
    <property name="os.name" value="Mac OS X"/>
    <property name="sun.jnu.encoding" value="US-ASCII"/>
    <property name="java.library.path" value="/Users/steven/Library/Java/Extensions:/Library/Java/Extensions:/Network/Library/Java/Extensions:/System/Library/Java/Extensions:/usr/lib/java:."/>
    <property name="surefire.test.class.path" value="/Users/steven/Spring in practice/DepotApplication/target/test-classes:/Users/steven/Spring in practice/DepotApplication/target/classes:/Users/steven/.m2/repository/org/springframework/spring-context/3.1.1.RELEASE/spring-context-3.1.1.RELEASE.jar:/Users/steven/.m2/repository/org/springframework/spring-aop/3.1.1.RELEASE/spring-aop-3.1.1.RELEASE.jar:/Users/steven/.m2/repository/org/springframework/spring-beans/3.1.1.RELEASE/spring-beans-3.1.1.RELEASE.jar:/Users/steven/.m2/repository/org/springframework/spring-core/3.1.1.RELEASE/spring-core-3.1.1.RELEASE.jar:/Users/steven/.m2/repository/org/springframework/spring-expression/3.1.1.RELEASE/spring-expression-3.1.1.RELEASE.jar:/Users/steven/.m2/repository/org/springframework/spring-asm/3.1.1.RELEASE/spring-asm-3.1.1.RELEASE.jar:/Users/steven/.m2/repository/org/springframework/spring-context-support/3.1.1.RELEASE/spring-context-support-3.1.1.RELEASE.jar:/Users/steven/.m2/repository/org/springframework/spring-tx/3.1.1.RELEASE/spring-tx-3.1.1.RELEASE.jar:/Users/steven/.m2/repository/aopalliance/aopalliance/1.0/aopalliance-1.0.jar:/Users/steven/.m2/repository/org/springframework/spring-jdbc/3.1.1.RELEASE/spring-jdbc-3.1.1.RELEASE.jar:/Users/steven/.m2/repository/org/springframework/spring-orm/3.1.1.RELEASE/spring-orm-3.1.1.RELEASE.jar:/Users/steven/.m2/repository/org/springframework/spring-oxm/3.1.1.RELEASE/spring-oxm-3.1.1.RELEASE.jar:/Users/steven/.m2/repository/commons-lang/commons-lang/2.5/commons-lang-2.5.jar:/Users/steven/.m2/repository/org/springframework/spring-web/3.1.1.RELEASE/spring-web-3.1.1.RELEASE.jar:/Users/steven/.m2/repository/org/springframework/spring-webmvc/3.1.1.RELEASE/spring-webmvc-3.1.1.RELEASE.jar:/Users/steven/.m2/repository/org/springframework/spring-webmvc-portlet/3.1.1.RELEASE/spring-webmvc-portlet-3.1.1.RELEASE.jar:/Users/steven/.m2/repository/org/springframework/spring-test/4.0.0.BUILD-SNAPSHOT/spring-test-4.0.0.BUILD-SNAPSHOT.jar:/Users/steven/.m2/repository/org/apache/tiles/tiles-jsp/2.2.1/tiles-jsp-2.2.1.jar:/Users/steven/.m2/repository/org/apache/tiles/tiles-core/2.2.1/tiles-core-2.2.1.jar:/Users/steven/.m2/repository/commons-digester/commons-digester/2.0/commons-digester-2.0.jar:/Users/steven/.m2/repository/commons-beanutils/commons-beanutils/1.8.0/commons-beanutils-1.8.0.jar:/Users/steven/.m2/repository/org/apache/tiles/tiles-api/2.2.1/tiles-api-2.2.1.jar:/Users/steven/.m2/repository/org/apache/tiles/tiles-servlet/2.2.1/tiles-servlet-2.2.1.jar:/Users/steven/.m2/repository/org/apache/tiles/tiles-template/2.2.1/tiles-template-2.2.1.jar:/Users/steven/.m2/repository/org/hibernate/hibernate-core/3.6.3.Final/hibernate-core-3.6.3.Final.jar:/Users/steven/.m2/repository/antlr/antlr/2.7.6/antlr-2.7.6.jar:/Users/steven/.m2/repository/commons-collections/commons-collections/3.1/commons-collections-3.1.jar:/Users/steven/.m2/repository/dom4j/dom4j/1.6.1/dom4j-1.6.1.jar:/Users/steven/.m2/repository/org/hibernate/hibernate-commons-annotations/3.2.0.Final/hibernate-commons-annotations-3.2.0.Final.jar:/Users/steven/.m2/repository/org/hibernate/javax/persistence/hibernate-jpa-2.0-api/1.0.0.Final/hibernate-jpa-2.0-api-1.0.0.Final.jar:/Users/steven/.m2/repository/javax/transaction/jta/1.1/jta-1.1.jar:/Users/steven/.m2/repository/commons-dbcp/commons-dbcp/1.4/commons-dbcp-1.4.jar:/Users/steven/.m2/repository/commons-pool/commons-pool/1.5.4/commons-pool-1.5.4.jar:/Users/steven/.m2/repository/javassist/javassist/3.12.1.GA/javassist-3.12.1.GA.jar:/Users/steven/.m2/repository/javax/servlet/jstl/1.2/jstl-1.2.jar:/Users/steven/.m2/repository/taglibs/standard/1.1.2/standard-1.1.2.jar:/Users/steven/.m2/repository/org/postgresql/postgresql/9.2-1002-jdbc4/postgresql-9.2-1002-jdbc4.jar:/Users/steven/.m2/repository/org/aspectj/aspectjrt/1.6.10/aspectjrt-1.6.10.jar:/Users/steven/.m2/repository/org/slf4j/slf4j-api/1.6.6/slf4j-api-1.6.6.jar:/Users/steven/.m2/repository/org/slf4j/jcl-over-slf4j/1.6.6/jcl-over-slf4j-1.6.6.jar:/Users/steven/.m2/repository/org/slf4j/slf4j-log4j12/1.6.6/slf4j-log4j12-1.6.6.jar:/Users/steven/.m2/repository/log4j/log4j/1.2.15/log4j-1.2.15.jar:/Users/steven/.m2/repository/javax/inject/javax.inject/1/javax.inject-1.jar:/Users/steven/.m2/repository/javax/servlet/servlet-api/2.5/servlet-api-2.5.jar:/Users/steven/.m2/repository/javax/servlet/jsp/jsp-api/2.1/jsp-api-2.1.jar:/Users/steven/.m2/repository/junit/junit/4.7/junit-4.7.jar:/Users/steven/.m2/repository/org/mockito/mockito-all/1.8.4/mockito-all-1.8.4.jar:/Users/steven/.m2/repository/org/jmock/jmock-junit4/2.6.0/jmock-junit4-2.6.0.jar:/Users/steven/.m2/repository/org/jmock/jmock/2.6.0/jmock-2.6.0.jar:/Users/steven/.m2/repository/org/hamcrest/hamcrest-core/1.1/hamcrest-core-1.1.jar:/Users/steven/.m2/repository/org/hamcrest/hamcrest-library/1.1/hamcrest-library-1.1.jar:/Users/steven/.m2/repository/junit/junit-dep/4.4/junit-dep-4.4.jar:/Users/steven/.m2/repository/org/springframework/data/spring-data-jpa/1.3.4.RELEASE/spring-data-jpa-1.3.4.RELEASE.jar:/Users/steven/.m2/repository/org/springframework/data/spring-data-commons/1.5.2.RELEASE/spring-data-commons-1.5.2.RELEASE.jar:/Users/steven/.m2/repository/org/hibernate/hibernate-entitymanager/4.2.3.Final/hibernate-entitymanager-4.2.3.Final.jar:/Users/steven/.m2/repository/org/jboss/logging/jboss-logging/3.1.0.GA/jboss-logging-3.1.0.GA.jar:/Users/steven/.m2/repository/org/jboss/spec/javax/transaction/jboss-transaction-api_1.1_spec/1.0.1.Final/jboss-transaction-api_1.1_spec-1.0.1.Final.jar:/Users/steven/.m2/repository/org/hibernate/common/hibernate-commons-annotations/4.0.2.Final/hibernate-commons-annotations-4.0.2.Final.jar:/Users/steven/.m2/repository/org/javassist/javassist/3.15.0-GA/javassist-3.15.0-GA.jar:/Users/steven/.m2/repository/com/h2database/h2/1.3.173/h2-1.3.173.jar:"/>
    <property name="java.specification.name" value="Java Platform API Specification"/>
    <property name="java.class.version" value="51.0"/>
    <property name="sun.management.compiler" value="HotSpot 64-Bit Tiered Compilers"/>
    <property name="os.version" value="10.8.3"/>
    <property name="http.nonProxyHosts" value="local|*.local|169.254/16|*.169.254/16|gap.com|*.gap.com|gidgol.com|*.gidgol.com"/>
    <property name="user.home" value="/Users/steven"/>
    <property name="user.timezone" value="America/Sao_Paulo"/>
    <property name="java.awt.printerjob" value="sun.lwawt.macosx.CPrinterJob"/>
    <property name="java.specification.version" value="1.7"/>
    <property name="file.encoding" value="US-ASCII"/>
    <property name="user.name" value="steven"/>
    <property name="java.class.path" value="/Users/steven/Spring in practice/DepotApplication/target/test-classes:/Users/steven/Spring in practice/DepotApplication/target/classes:/Users/steven/.m2/repository/org/springframework/spring-context/3.1.1.RELEASE/spring-context-3.1.1.RELEASE.jar:/Users/steven/.m2/repository/org/springframework/spring-aop/3.1.1.RELEASE/spring-aop-3.1.1.RELEASE.jar:/Users/steven/.m2/repository/org/springframework/spring-beans/3.1.1.RELEASE/spring-beans-3.1.1.RELEASE.jar:/Users/steven/.m2/repository/org/springframework/spring-core/3.1.1.RELEASE/spring-core-3.1.1.RELEASE.jar:/Users/steven/.m2/repository/org/springframework/spring-expression/3.1.1.RELEASE/spring-expression-3.1.1.RELEASE.jar:/Users/steven/.m2/repository/org/springframework/spring-asm/3.1.1.RELEASE/spring-asm-3.1.1.RELEASE.jar:/Users/steven/.m2/repository/org/springframework/spring-context-support/3.1.1.RELEASE/spring-context-support-3.1.1.RELEASE.jar:/Users/steven/.m2/repository/org/springframework/spring-tx/3.1.1.RELEASE/spring-tx-3.1.1.RELEASE.jar:/Users/steven/.m2/repository/aopalliance/aopalliance/1.0/aopalliance-1.0.jar:/Users/steven/.m2/repository/org/springframework/spring-jdbc/3.1.1.RELEASE/spring-jdbc-3.1.1.RELEASE.jar:/Users/steven/.m2/repository/org/springframework/spring-orm/3.1.1.RELEASE/spring-orm-3.1.1.RELEASE.jar:/Users/steven/.m2/repository/org/springframework/spring-oxm/3.1.1.RELEASE/spring-oxm-3.1.1.RELEASE.jar:/Users/steven/.m2/repository/commons-lang/commons-lang/2.5/commons-lang-2.5.jar:/Users/steven/.m2/repository/org/springframework/spring-web/3.1.1.RELEASE/spring-web-3.1.1.RELEASE.jar:/Users/steven/.m2/repository/org/springframework/spring-webmvc/3.1.1.RELEASE/spring-webmvc-3.1.1.RELEASE.jar:/Users/steven/.m2/repository/org/springframework/spring-webmvc-portlet/3.1.1.RELEASE/spring-webmvc-portlet-3.1.1.RELEASE.jar:/Users/steven/.m2/repository/org/springframework/spring-test/4.0.0.BUILD-SNAPSHOT/spring-test-4.0.0.BUILD-SNAPSHOT.jar:/Users/steven/.m2/repository/org/apache/tiles/tiles-jsp/2.2.1/tiles-jsp-2.2.1.jar:/Users/steven/.m2/repository/org/apache/tiles/tiles-core/2.2.1/tiles-core-2.2.1.jar:/Users/steven/.m2/repository/commons-digester/commons-digester/2.0/commons-digester-2.0.jar:/Users/steven/.m2/repository/commons-beanutils/commons-beanutils/1.8.0/commons-beanutils-1.8.0.jar:/Users/steven/.m2/repository/org/apache/tiles/tiles-api/2.2.1/tiles-api-2.2.1.jar:/Users/steven/.m2/repository/org/apache/tiles/tiles-servlet/2.2.1/tiles-servlet-2.2.1.jar:/Users/steven/.m2/repository/org/apache/tiles/tiles-template/2.2.1/tiles-template-2.2.1.jar:/Users/steven/.m2/repository/org/hibernate/hibernate-core/3.6.3.Final/hibernate-core-3.6.3.Final.jar:/Users/steven/.m2/repository/antlr/antlr/2.7.6/antlr-2.7.6.jar:/Users/steven/.m2/repository/commons-collections/commons-collections/3.1/commons-collections-3.1.jar:/Users/steven/.m2/repository/dom4j/dom4j/1.6.1/dom4j-1.6.1.jar:/Users/steven/.m2/repository/org/hibernate/hibernate-commons-annotations/3.2.0.Final/hibernate-commons-annotations-3.2.0.Final.jar:/Users/steven/.m2/repository/org/hibernate/javax/persistence/hibernate-jpa-2.0-api/1.0.0.Final/hibernate-jpa-2.0-api-1.0.0.Final.jar:/Users/steven/.m2/repository/javax/transaction/jta/1.1/jta-1.1.jar:/Users/steven/.m2/repository/commons-dbcp/commons-dbcp/1.4/commons-dbcp-1.4.jar:/Users/steven/.m2/repository/commons-pool/commons-pool/1.5.4/commons-pool-1.5.4.jar:/Users/steven/.m2/repository/javassist/javassist/3.12.1.GA/javassist-3.12.1.GA.jar:/Users/steven/.m2/repository/javax/servlet/jstl/1.2/jstl-1.2.jar:/Users/steven/.m2/repository/taglibs/standard/1.1.2/standard-1.1.2.jar:/Users/steven/.m2/repository/org/postgresql/postgresql/9.2-1002-jdbc4/postgresql-9.2-1002-jdbc4.jar:/Users/steven/.m2/repository/org/aspectj/aspectjrt/1.6.10/aspectjrt-1.6.10.jar:/Users/steven/.m2/repository/org/slf4j/slf4j-api/1.6.6/slf4j-api-1.6.6.jar:/Users/steven/.m2/repository/org/slf4j/jcl-over-slf4j/1.6.6/jcl-over-slf4j-1.6.6.jar:/Users/steven/.m2/repository/org/slf4j/slf4j-log4j12/1.6.6/slf4j-log4j12-1.6.6.jar:/Users/steven/.m2/repository/log4j/log4j/1.2.15/log4j-1.2.15.jar:/Users/steven/.m2/repository/javax/inject/javax.inject/1/javax.inject-1.jar:/Users/steven/.m2/repository/javax/servlet/servlet-api/2.5/servlet-api-2.5.jar:/Users/steven/.m2/repository/javax/servlet/jsp/jsp-api/2.1/jsp-api-2.1.jar:/Users/steven/.m2/repository/junit/junit/4.7/junit-4.7.jar:/Users/steven/.m2/repository/org/mockito/mockito-all/1.8.4/mockito-all-1.8.4.jar:/Users/steven/.m2/repository/org/jmock/jmock-junit4/2.6.0/jmock-junit4-2.6.0.jar:/Users/steven/.m2/repository/org/jmock/jmock/2.6.0/jmock-2.6.0.jar:/Users/steven/.m2/repository/org/hamcrest/hamcrest-core/1.1/hamcrest-core-1.1.jar:/Users/steven/.m2/repository/org/hamcrest/hamcrest-library/1.1/hamcrest-library-1.1.jar:/Users/steven/.m2/repository/junit/junit-dep/4.4/junit-dep-4.4.jar:/Users/steven/.m2/repository/org/springframework/data/spring-data-jpa/1.3.4.RELEASE/spring-data-jpa-1.3.4.RELEASE.jar:/Users/steven/.m2/repository/org/springframework/data/spring-data-commons/1.5.2.RELEASE/spring-data-commons-1.5.2.RELEASE.jar:/Users/steven/.m2/repository/org/hibernate/hibernate-entitymanager/4.2.3.Final/hibernate-entitymanager-4.2.3.Final.jar:/Users/steven/.m2/repository/org/jboss/logging/jboss-logging/3.1.0.GA/jboss-logging-3.1.0.GA.jar:/Users/steven/.m2/repository/org/jboss/spec/javax/transaction/jboss-transaction-api_1.1_spec/1.0.1.Final/jboss-transaction-api_1.1_spec-1.0.1.Final.jar:/Users/steven/.m2/repository/org/hibernate/common/hibernate-commons-annotations/4.0.2.Final/hibernate-commons-annotations-4.0.2.Final.jar:/Users/steven/.m2/repository/org/javassist/javassist/3.15.0-GA/javassist-3.15.0-GA.jar:/Users/steven/.m2/repository/com/h2database/h2/1.3.173/h2-1.3.173.jar:"/>
    <property name="java.vm.specification.version" value="1.7"/>
    <property name="sun.arch.data.model" value="64"/>
    <property name="java.home" value="/Library/Java/JavaVirtualMachines/jdk1.7.0_25.jdk/Contents/Home/jre"/>
    <property name="sun.java.command" value="/Users/steven/Spring in practice/DepotApplication/target/surefire/surefirebooter1657036346850403954.jar /Users/steven/Spring in practice/DepotApplication/target/surefire/surefire3131513268408342787tmp /Users/steven/Spring in practice/DepotApplication/target/surefire/surefire2253708265939241577tmp"/>
    <property name="java.specification.vendor" value="Oracle Corporation"/>
    <property name="user.language" value="en"/>
    <property name="awt.toolkit" value="sun.lwawt.macosx.LWCToolkit"/>
    <property name="java.vm.info" value="mixed mode"/>
    <property name="java.version" value="1.7.0_25"/>
    <property name="java.ext.dirs" value="/Users/steven/Library/Java/Extensions:/Library/Java/JavaVirtualMachines/jdk1.7.0_25.jdk/Contents/Home/jre/lib/ext:/Library/Java/Extensions:/Network/Library/Java/Extensions:/System/Library/Java/Extensions:/usr/lib/java"/>
    <property name="sun.boot.class.path" value="/Library/Java/JavaVirtualMachines/jdk1.7.0_25.jdk/Contents/Home/jre/lib/resources.jar:/Library/Java/JavaVirtualMachines/jdk1.7.0_25.jdk/Contents/Home/jre/lib/rt.jar:/Library/Java/JavaVirtualMachines/jdk1.7.0_25.jdk/Contents/Home/jre/lib/sunrsasign.jar:/Library/Java/JavaVirtualMachines/jdk1.7.0_25.jdk/Contents/Home/jre/lib/jsse.jar:/Library/Java/JavaVirtualMachines/jdk1.7.0_25.jdk/Contents/Home/jre/lib/jce.jar:/Library/Java/JavaVirtualMachines/jdk1.7.0_25.jdk/Contents/Home/jre/lib/charsets.jar:/Library/Java/JavaVirtualMachines/jdk1.7.0_25.jdk/Contents/Home/jre/lib/jfr.jar:/Library/Java/JavaVirtualMachines/jdk1.7.0_25.jdk/Contents/Home/jre/lib/JObjC.jar:/Library/Java/JavaVirtualMachines/jdk1.7.0_25.jdk/Contents/Home/jre/classes"/>
    <property name="java.vendor" value="Oracle Corporation"/>
    <property name="localRepository" value="/Users/steven/.m2/repository"/>
    <property name="file.separator" value="/"/>
    <property name="java.vendor.url.bug" value="http://bugreport.sun.com/bugreport/"/>
    <property name="sun.cpu.endian" value="little"/>
    <property name="sun.io.unicode.encoding" value="UnicodeBig"/>
    <property name="socksNonProxyHosts" value="local|*.local|169.254/16|*.169.254/16|gap.com|*.gap.com|gidgol.com|*.gidgol.com"/>
    <property name="ftp.nonProxyHosts" value="local|*.local|169.254/16|*.169.254/16|gap.com|*.gap.com|gidgol.com|*.gidgol.com"/>
    <property name="sun.cpu.isalist" value=""/>
  </properties>
  <testcase time="0.111" classname="com.depot.app.service.ProductManagerTest" name="itShouldUpdateProduct"/>
  <testcase time="0.122" classname="com.depot.app.service.ProductManagerTest" name="itShouldAddAndGetAProduct"/>
  <testcase time="0.09" classname="com.depot.app.service.ProductManagerTest" name="itShouldAddTwoProductsAndGetThem"/>
  <testcase time="0.092" classname="com.depot.app.service.ProductManagerTest" name="itShouldAddAndDeleteAProduct"/>
</testsuite>