<?xml version="1.0" encoding="UTF-8"?>
<beans xmlns="http://www.springframework.org/schema/beans"
       xmlns:xsi="http://www.w3.org/2001/XMLSchema-instance"
       xmlns:context="http://www.springframework.org/schema/context"
       xmlns:jdbc="http://www.springframework.org/schema/jdbc"
       xmlns:p="http://www.springframework.org/schema/p"
       xsi:schemaLocation="http://www.springframework.org/schema/beans
       http://www.springframework.org/schema/beans/spring-beans.xsd
       http://www.springframework.org/schema/context
       http://www.springframework.org/schema/context/spring-context.xsd
       http://www.springframework.org/schema/jdbc http://www.springframework.org/schema/jdbc/spring-jdbc.xsd">

    <jdbc:embedded-database id="dataSource" type="H2">
    </jdbc:embedded-database>

    <bean id="sessionFactory"
          class="org.springframework.orm.hibernate3.annotation.AnnotationSessionFactoryBean">
        <property name="dataSource" ref="dataSource"></property>
        <property name="configLocation">
            <value>classpath:hibernate.cfg.xml</value>
        </property>
        <property name="configurationClass">
            <value>org.hibernate.cfg.AnnotationConfiguration</value>
        </property>
        <property name="hibernateProperties">
            <props>
                <prop key="hibernate.hbm2ddl.auto">create-drop</prop>
                <prop key="hibernate.dialect">org.hibernate.dialect.H2Dialect</prop>
                <prop key="hibernate.show_sql">true</prop>
            </props>
        </property>
    </bean>

    <bean id="transactionManager"
          class="org.springframework.orm.hibernate3.HibernateTransactionManager">
        <property name="sessionFactory" ref="sessionFactory"></property>
    </bean>

    <bean id = "jdbcTemplate" class="org.springframework.jdbc.core.JdbcTemplate" p:dataSource-ref="dataSource" />

    <bean id="accountDetailsDao" class="com.depot.app.dao.impl.AccountDetailsDaoImpl">
        <constructor-arg index="0" ref="jdbcTemplate"/>
    </bean>
    <bean id="accountDao" class="com.depot.app.dao.impl.AccountDaoImpl">
        <constructor-arg index="0" ref="jdbcTemplate" />
    </bean>
    <bean id="roleDao" class="com.depot.app.dao.impl.RoleDaoImpl" />

    <bean id="accountDetailsService" class="com.depot.app.service.impl.AccountDetailsServiceImpl">
        <constructor-arg index="0" ref="accountDao" />
        <constructor-arg index="1" ref="roleDao" />
    </bean>
    <bean id="accountDetailsServiceAdapter" class="com.depot.app.service.impl.AccountDetailsServiceAdapter">
        <constructor-arg index="0" ref="accountDetailsService" />
        <constructor-arg index="1" ref="accountDetailsDao" />
    </bean>

    <context:component-scan base-package="com.depot.app.dao" />
    <context:component-scan base-package="com.depot.app.service" />
</beans>
